C:\USERS\DELL\DESKTOP\OCCAPP\OCCAPP\X64\RELEASE\OCCAPP.PCH
C:\USERS\DELL\DESKTOP\OCCAPP\OCCAPP\X64\RELEASE\STDAFX.OBJ
C:\USERS\DELL\DESKTOP\OCCAPP\OCCAPP\X64\RELEASE\VC110.PDB
C:\USERS\DELL\DESKTOP\OCCAPP\OCCAPP\X64\RELEASE\VIEWTREE.OBJ
C:\USERS\DELL\DESKTOP\OCCAPP\OCCAPP\X64\RELEASE\PROPERTIESWND.OBJ
C:\USERS\DELL\DESKTOP\OCCAPP\OCCAPP\X64\RELEASE\OUTPUTWND.OBJ
C:\USERS\DELL\DESKTOP\OCCAPP\OCCAPP\X64\RELEASE\OCCAPPVIEW.OBJ
C:\USERS\DELL\DESKTOP\OCCAPP\OCCAPP\X64\RELEASE\OCCAPPDOC.OBJ
C:\USERS\DELL\DESKTOP\OCCAPP\OCCAPP\X64\RELEASE\OCCAPP.OBJ
C:\USERS\DELL\DESKTOP\OCCAPP\OCCAPP\X64\RELEASE\MAINFRM.OBJ
C:\USERS\DELL\DESKTOP\OCCAPP\OCCAPP\X64\RELEASE\FILEVIEW.OBJ
C:\USERS\DELL\DESKTOP\OCCAPP\OCCAPP\X64\RELEASE\CREATEBOX.OBJ
C:\USERS\DELL\DESKTOP\OCCAPP\OCCAPP\X64\RELEASE\CLASSVIEW.OBJ
C:\USERS\DELL\DESKTOP\OCCAPP\X64\RELEASE\OCCAPP.EXE
C:\USERS\DELL\DESKTOP\OCCAPP\X64\RELEASE\OCCAPP.PDB
C:\Users\Dell\Desktop\OCCAPP\x64\Release\OCCAPP.lib
C:\Users\Dell\Desktop\OCCAPP\x64\Release\OCCAPP.exp
C:\USERS\DELL\DESKTOP\OCCAPP\OCCAPP\X64\RELEASE\OCCAPP.RES
C:\Users\Dell\Desktop\OCCAPP\OCCAPP\x64\Release\ClassView.obj
C:\Users\Dell\Desktop\OCCAPP\OCCAPP\x64\Release\CreateBox.obj
C:\Users\Dell\Desktop\OCCAPP\OCCAPP\x64\Release\DrilledBox.obj
C:\Users\Dell\Desktop\OCCAPP\OCCAPP\x64\Release\FileView.obj
C:\Users\Dell\Desktop\OCCAPP\OCCAPP\x64\Release\MainFrm.obj
C:\Users\Dell\Desktop\OCCAPP\OCCAPP\x64\Release\OCCAPP.obj
C:\Users\Dell\Desktop\OCCAPP\OCCAPP\x64\Release\OCCAPPDoc.obj
C:\Users\Dell\Desktop\OCCAPP\OCCAPP\x64\Release\OCCAPPView.obj
C:\Users\Dell\Desktop\OCCAPP\OCCAPP\x64\Release\OutputWnd.obj
C:\Users\Dell\Desktop\OCCAPP\OCCAPP\x64\Release\PropertiesWnd.obj
C:\Users\Dell\Desktop\OCCAPP\OCCAPP\x64\Release\stdafx.obj
C:\Users\Dell\Desktop\OCCAPP\OCCAPP\x64\Release\ViewTree.obj
C:\Users\Dell\Desktop\OCCAPP\OCCAPP\x64\Release\cl.command.1.tlog
C:\Users\Dell\Desktop\OCCAPP\OCCAPP\x64\Release\CL.read.1.tlog
C:\Users\Dell\Desktop\OCCAPP\OCCAPP\x64\Release\CL.write.1.tlog
C:\Users\Dell\Desktop\OCCAPP\OCCAPP\x64\Release\link-cvtres.read.1.tlog
C:\Users\Dell\Desktop\OCCAPP\OCCAPP\x64\Release\link-cvtres.write.1.tlog
C:\Users\Dell\Desktop\OCCAPP\OCCAPP\x64\Release\link-mt.read.1.tlog
C:\Users\Dell\Desktop\OCCAPP\OCCAPP\x64\Release\link-mt.write.1.tlog
C:\Users\Dell\Desktop\OCCAPP\OCCAPP\x64\Release\link-rc.read.1.tlog
C:\Users\Dell\Desktop\OCCAPP\OCCAPP\x64\Release\link-rc.write.1.tlog
C:\Users\Dell\Desktop\OCCAPP\OCCAPP\x64\Release\link.command.1.tlog
C:\Users\Dell\Desktop\OCCAPP\OCCAPP\x64\Release\link.read.1.tlog
C:\Users\Dell\Desktop\OCCAPP\OCCAPP\x64\Release\link.write.1.tlog
C:\Users\Dell\Desktop\OCCAPP\OCCAPP\x64\Release\OCCAPP.write.1.tlog
C:\Users\Dell\Desktop\OCCAPP\OCCAPP\x64\Release\rc.command.1.tlog
C:\Users\Dell\Desktop\OCCAPP\OCCAPP\x64\Release\rc.read.1.tlog
C:\Users\Dell\Desktop\OCCAPP\OCCAPP\x64\Release\rc.write.1.tlog
C:\Users\Dell\Desktop\OCCAPP\OCCAPP\x64\Release\OCCAPP.res
C:\Users\Dell\Desktop\OCCAPP\OCCAPP\x64\Release\OCCAPP.pch
C:\Users\Dell\Desktop\OCCAPP\OCCAPP\x64\Release\vc110.pdb
C:\Users\Dell\Desktop\OCCAPP\x64\Release\OCCAPP.pdb
C:\Users\Dell\Desktop\OCCAPP\x64\Release\OCCAPP.exe
